# JRE version: Java(TM) SE Runtime Environment (8.0_40-b27) (build 1.8.0_40-b27)
# Java VM: Java HotSpot(TM) 64-Bit Server VM (25.40-b25 mixed mode bsd-amd64 compressed oops)
Heap:
 PSYoungGen      total 104448K, used 26356K [0x000000016ed80000, 0x0000000175b80000, 0x0000000199800000)
  eden space 97280K, 22% used [0x000000016ed80000,0x0000000170332ed0,0x0000000174c80000)
  from space 7168K, 57% used [0x0000000175480000,0x000000017588a4c8,0x0000000175b80000)
  to   space 7680K, 0% used [0x0000000174c80000,0x0000000174c80000,0x0000000175400000)
 ParOldGen       total 617472K, used 580965K [0x0000000119800000, 0x000000013f300000, 0x000000016ed80000)
  object space 617472K, 94% used [0x0000000119800000,0x000000013cf59540,0x000000013f300000)
 Metaspace       used 26762K, capacity 28638K, committed 28672K, reserved 1075200K
  class space    used 3154K, capacity 3556K, committed 3584K, reserved 1048576K
GC Heap History (10 events):
Event: 84.820 GC heap before
{Heap before GC invocations=9 (full 0):
 PSYoungGen      total 71680K, used 66528K [0x000000016ed80000, 0x0000000173b80000, 0x0000000199800000)
  eden space 65024K, 100% used [0x000000016ed80000,0x0000000172d00000,0x0000000172d00000)
  from space 6656K, 22% used [0x0000000173400000,0x0000000173578000,0x0000000173a80000)
  to   space 7168K, 0% used [0x0000000172d00000,0x0000000172d00000,0x0000000173400000)
 ParOldGen       total 87552K, used 5090K [0x0000000119800000, 0x000000011ed80000, 0x000000016ed80000)
  object space 87552K, 5% used [0x0000000119800000,0x0000000119cf8b48,0x000000011ed80000)
 Metaspace       used 20530K, capacity 20830K, committed 21120K, reserved 1069056K
  class space    used 2315K, capacity 2424K, committed 2432K, reserved 1048576K
Event: 84.828 GC heap after
Heap after GC invocations=9 (full 0):
 PSYoungGen      total 65024K, used 1616K [0x000000016ed80000, 0x0000000173900000, 0x0000000199800000)
  eden space 62976K, 0% used [0x000000016ed80000,0x000000016ed80000,0x0000000172b00000)
  from space 2048K, 78% used [0x0000000172d00000,0x0000000172e94010,0x0000000172f00000)
  to   space 7168K, 0% used [0x0000000173200000,0x0000000173200000,0x0000000173900000)
 ParOldGen       total 87552K, used 5511K [0x0000000119800000, 0x000000011ed80000, 0x000000016ed80000)
  object space 87552K, 6% used [0x0000000119800000,0x0000000119d61f88,0x000000011ed80000)
 Metaspace       used 20530K, capacity 20830K, committed 21120K, reserved 1069056K
  class space    used 2315K, capacity 2424K, committed 2432K, reserved 1048576K
}
Event: 104.840 GC heap before
{Heap before GC invocations=10 (full 0):
 PSYoungGen      total 65024K, used 64592K [0x000000016ed80000, 0x0000000173900000, 0x0000000199800000)
  eden space 62976K, 100% used [0x000000016ed80000,0x0000000172b00000,0x0000000172b00000)
  from space 2048K, 78% used [0x0000000172d00000,0x0000000172e94010,0x0000000172f00000)
  to   space 7168K, 0% used [0x0000000173200000,0x0000000173200000,0x0000000173900000)
 ParOldGen       total 87552K, used 5511K [0x0000000119800000, 0x000000011ed80000, 0x000000016ed80000)
  object space 87552K, 6% used [0x0000000119800000,0x0000000119d61f88,0x000000011ed80000)
 Metaspace       used 20798K, capacity 21086K, committed 21296K, reserved 1069056K
  class space    used 2342K, capacity 2424K, committed 2432K, reserved 1048576K
Event: 104.843 GC heap after
Heap after GC invocations=10 (full 0):
 PSYoungGen      total 67072K, used 1120K [0x000000016ed80000, 0x0000000173800000, 0x0000000199800000)
  eden space 60928K, 0% used [0x000000016ed80000,0x000000016ed80000,0x0000000172900000)
  from space 6144K, 18% used [0x0000000173200000,0x0000000173318000,0x0000000173800000)
  to   space 7680K, 0% used [0x0000000172900000,0x0000000172900000,0x0000000173080000)
 ParOldGen       total 87552K, used 6404K [0x0000000119800000, 0x000000011ed80000, 0x000000016ed80000)
  object space 87552K, 7% used [0x0000000119800000,0x0000000119e41308,0x000000011ed80000)
 Metaspace       used 20798K, capacity 21086K, committed 21296K, reserved 1069056K
  class space    used 2342K, capacity 2424K, committed 2432K, reserved 1048576K
}
Event: 104.863 GC heap before
{Heap before GC invocations=11 (full 0):
 PSYoungGen      total 67072K, used 2486K [0x000000016ed80000, 0x0000000173800000, 0x0000000199800000)
  eden space 60928K, 2% used [0x000000016ed80000,0x000000016eed58b0,0x0000000172900000)
  from space 6144K, 18% used [0x0000000173200000,0x0000000173318000,0x0000000173800000)
  to   space 7680K, 0% used [0x0000000172900000,0x0000000172900000,0x0000000173080000)
 ParOldGen       total 87552K, used 6404K [0x0000000119800000, 0x000000011ed80000, 0x000000016ed80000)
  object space 87552K, 7% used [0x0000000119800000,0x0000000119e41308,0x000000011ed80000)
 Metaspace       used 20858K, capacity 21150K, committed 21296K, reserved 1069056K
  class space    used 2351K, capacity 2424K, committed 2432K, reserved 1048576K
Event: 104.865 GC heap after
Heap after GC invocations=11 (full 0):
 PSYoungGen      total 68608K, used 192K [0x000000016ed80000, 0x0000000175c00000, 0x0000000199800000)
  eden space 60928K, 0% used [0x000000016ed80000,0x000000016ed80000,0x0000000172900000)
  from space 7680K, 2% used [0x0000000172900000,0x0000000172930000,0x0000000173080000)
  to   space 7680K, 0% used [0x0000000175480000,0x0000000175480000,0x0000000175c00000)
 ParOldGen       total 87552K, used 7276K [0x0000000119800000, 0x000000011ed80000, 0x000000016ed80000)
  object space 87552K, 8% used [0x0000000119800000,0x0000000119f1b170,0x000000011ed80000)
 Metaspace       used 20858K, capacity 21150K, committed 21296K, reserved 1069056K
  class space    used 2351K, capacity 2424K, committed 2432K, reserved 1048576K
}
Event: 104.865 GC heap before
{Heap before GC invocations=12 (full 1):
 PSYoungGen      total 68608K, used 192K [0x000000016ed80000, 0x0000000175c00000, 0x0000000199800000)
  eden space 60928K, 0% used [0x000000016ed80000,0x000000016ed80000,0x0000000172900000)
  from space 7680K, 2% used [0x0000000172900000,0x0000000172930000,0x0000000173080000)
  to   space 7680K, 0% used [0x0000000175480000,0x0000000175480000,0x0000000175c00000)
 ParOldGen       total 87552K, used 7276K [0x0000000119800000, 0x000000011ed80000, 0x000000016ed80000)
  object space 87552K, 8% used [0x0000000119800000,0x0000000119f1b170,0x000000011ed80000)
 Metaspace       used 20858K, capacity 21150K, committed 21296K, reserved 1069056K
  class space    used 2351K, capacity 2424K, committed 2432K, reserved 1048576K
Event: 104.915 GC heap after
Heap after GC invocations=12 (full 1):
 PSYoungGen      total 68608K, used 0K [0x000000016ed80000, 0x0000000175c00000, 0x0000000199800000)
  eden space 60928K, 0% used [0x000000016ed80000,0x000000016ed80000,0x0000000172900000)
  from space 7680K, 0% used [0x0000000172900000,0x0000000172900000,0x0000000173080000)
  to   space 7680K, 0% used [0x0000000175480000,0x0000000175480000,0x0000000175c00000)
 ParOldGen       total 41472K, used 5449K [0x0000000119800000, 0x000000011c080000, 0x000000016ed80000)
  object space 41472K, 13% used [0x0000000119800000,0x0000000119d527c8,0x000000011c080000)
 Metaspace       used 20855K, capacity 21138K, committed 21296K, reserved 1069056K
  class space    used 2349K, capacity 2422K, committed 2432K, reserved 1048576K
}
Event: 106.879 GC heap before
{Heap before GC invocations=13 (full 1):
 PSYoungGen      total 68608K, used 60928K [0x000000016ed80000, 0x0000000175c00000, 0x0000000199800000)
  eden space 60928K, 100% used [0x000000016ed80000,0x0000000172900000,0x0000000172900000)
  from space 7680K, 0% used [0x0000000172900000,0x0000000172900000,0x0000000173080000)
  to   space 7680K, 0% used [0x0000000175480000,0x0000000175480000,0x0000000175c00000)
 ParOldGen       total 41472K, used 5449K [0x0000000119800000, 0x000000011c080000, 0x000000016ed80000)
  object space 41472K, 13% used [0x0000000119800000,0x0000000119d527c8,0x000000011c080000)
 Metaspace       used 25195K, capacity 26342K, committed 26624K, reserved 1073152K
  class space    used 2938K, capacity 3214K, committed 3328K, reserved 1048576K
Event: 106.886 GC heap after
Heap after GC invocations=13 (full 1):
 PSYoungGen      total 104448K, used 4137K [0x000000016ed80000, 0x0000000175b80000, 0x0000000199800000)
  eden space 97280K, 0% used [0x000000016ed80000,0x000000016ed80000,0x0000000174c80000)
  from space 7168K, 57% used [0x0000000175480000,0x000000017588a4c8,0x0000000175b80000)
  to   space 7680K, 0% used [0x0000000174c80000,0x0000000174c80000,0x0000000175400000)
 ParOldGen       total 41472K, used 5457K [0x0000000119800000, 0x000000011c080000, 0x000000016ed80000)
  object space 41472K, 13% used [0x0000000119800000,0x0000000119d547c8,0x000000011c080000)
 Metaspace       used 25195K, capacity 26342K, committed 26624K, reserved 1073152K
  class space    used 2938K, capacity 3214K, committed 3328K, reserved 1048576K
}

