# JRE version: Java(TM) SE Runtime Environment (8.0_40-b27) (build 1.8.0_40-b27)
# Java VM: Java HotSpot(TM) 64-Bit Server VM (25.40-b25 mixed mode bsd-amd64 compressed oops)
Heap:
 PSYoungGen      total 37888K, used 5825K [0x0000000170d80000, 0x0000000174380000, 0x000000019b800000)
  eden space 31744K, 7% used [0x0000000170d80000,0x0000000170fd9ce0,0x0000000172c80000)
  from space 6144K, 55% used [0x0000000172c80000,0x0000000172fd6b10,0x0000000173280000)
  to   space 6144K, 0% used [0x0000000173d80000,0x0000000173d80000,0x0000000174380000)
 ParOldGen       total 630784K, used 581195K [0x000000011b800000, 0x0000000142000000, 0x0000000170d80000)
  object space 630784K, 92% used [0x000000011b800000,0x000000013ef92ca0,0x0000000142000000)
 Metaspace       used 26230K, capacity 28042K, committed 28160K, reserved 1073152K
  class space    used 3113K, capacity 3522K, committed 3584K, reserved 1048576K
GC Heap History (10 events):
Event: 31.380 GC heap before
{Heap before GC invocations=6 (full 0):
 PSYoungGen      total 37888K, used 37758K [0x0000000170d80000, 0x0000000173880000, 0x000000019b800000)
  eden space 32768K, 100% used [0x0000000170d80000,0x0000000172d80000,0x0000000172d80000)
  from space 5120K, 97% used [0x0000000172e00000,0x00000001732df8a8,0x0000000173300000)
  to   space 5632K, 0% used [0x0000000173300000,0x0000000173300000,0x0000000173880000)
 ParOldGen       total 87552K, used 104K [0x000000011b800000, 0x0000000120d80000, 0x0000000170d80000)
  object space 87552K, 0% used [0x000000011b800000,0x000000011b81a010,0x0000000120d80000)
 Metaspace       used 20005K, capacity 20178K, committed 20352K, reserved 1067008K
  class space    used 2274K, capacity 2350K, committed 2432K, reserved 1048576K
Event: 31.427 GC heap after
Heap after GC invocations=6 (full 0):
 PSYoungGen      total 37888K, used 4941K [0x0000000170d80000, 0x0000000173900000, 0x000000019b800000)
  eden space 32256K, 0% used [0x0000000170d80000,0x0000000170d80000,0x0000000172d00000)
  from space 5632K, 87% used [0x0000000173300000,0x00000001737d3728,0x0000000173880000)
  to   space 6144K, 0% used [0x0000000172d00000,0x0000000172d00000,0x0000000173300000)
 ParOldGen       total 87552K, used 112K [0x000000011b800000, 0x0000000120d80000, 0x0000000170d80000)
  object space 87552K, 0% used [0x000000011b800000,0x000000011b81c010,0x0000000120d80000)
 Metaspace       used 20005K, capacity 20178K, committed 20352K, reserved 1067008K
  class space    used 2274K, capacity 2350K, committed 2432K, reserved 1048576K
}
Event: 33.247 GC heap before
{Heap before GC invocations=7 (full 0):
 PSYoungGen      total 37888K, used 25197K [0x0000000170d80000, 0x0000000173900000, 0x000000019b800000)
  eden space 32256K, 62% used [0x0000000170d80000,0x0000000172147f98,0x0000000172d00000)
  from space 5632K, 87% used [0x0000000173300000,0x00000001737d3728,0x0000000173880000)
  to   space 6144K, 0% used [0x0000000172d00000,0x0000000172d00000,0x0000000173300000)
 ParOldGen       total 87552K, used 112K [0x000000011b800000, 0x0000000120d80000, 0x0000000170d80000)
  object space 87552K, 0% used [0x000000011b800000,0x000000011b81c010,0x0000000120d80000)
 Metaspace       used 20872K, capacity 21050K, committed 21248K, reserved 1069056K
  class space    used 2371K, capacity 2450K, committed 2560K, reserved 1048576K
Event: 33.276 GC heap after
Heap after GC invocations=7 (full 0):
 PSYoungGen      total 35328K, used 3110K [0x0000000170d80000, 0x0000000173880000, 0x000000019b800000)
  eden space 31744K, 0% used [0x0000000170d80000,0x0000000170d80000,0x0000000172c80000)
  from space 3584K, 86% used [0x0000000172d00000,0x00000001730098f0,0x0000000173080000)
  to   space 6144K, 0% used [0x0000000173280000,0x0000000173280000,0x0000000173880000)
 ParOldGen       total 87552K, used 2790K [0x000000011b800000, 0x0000000120d80000, 0x0000000170d80000)
  object space 87552K, 3% used [0x000000011b800000,0x000000011bab9900,0x0000000120d80000)
 Metaspace       used 20872K, capacity 21050K, committed 21248K, reserved 1069056K
  class space    used 2371K, capacity 2450K, committed 2560K, reserved 1048576K
}
Event: 33.276 GC heap before
{Heap before GC invocations=8 (full 1):
 PSYoungGen      total 35328K, used 3110K [0x0000000170d80000, 0x0000000173880000, 0x000000019b800000)
  eden space 31744K, 0% used [0x0000000170d80000,0x0000000170d80000,0x0000000172c80000)
  from space 3584K, 86% used [0x0000000172d00000,0x00000001730098f0,0x0000000173080000)
  to   space 6144K, 0% used [0x0000000173280000,0x0000000173280000,0x0000000173880000)
 ParOldGen       total 87552K, used 2790K [0x000000011b800000, 0x0000000120d80000, 0x0000000170d80000)
  object space 87552K, 3% used [0x000000011b800000,0x000000011bab9900,0x0000000120d80000)
 Metaspace       used 20872K, capacity 21050K, committed 21248K, reserved 1069056K
  class space    used 2371K, capacity 2450K, committed 2560K, reserved 1048576K
Event: 33.445 GC heap after
Heap after GC invocations=8 (full 1):
 PSYoungGen      total 35328K, used 0K [0x0000000170d80000, 0x0000000173880000, 0x000000019b800000)
  eden space 31744K, 0% used [0x0000000170d80000,0x0000000170d80000,0x0000000172c80000)
  from space 3584K, 0% used [0x0000000172d00000,0x0000000172d00000,0x0000000173080000)
  to   space 6144K, 0% used [0x0000000173280000,0x0000000173280000,0x0000000173880000)
 ParOldGen       total 54784K, used 5671K [0x000000011b800000, 0x000000011ed80000, 0x0000000170d80000)
  object space 54784K, 10% used [0x000000011b800000,0x000000011bd89f28,0x000000011ed80000)
 Metaspace       used 20872K, capacity 21050K, committed 21248K, reserved 1069056K
  class space    used 2371K, capacity 2450K, committed 2560K, reserved 1048576K
}
Event: 35.614 GC heap before
{Heap before GC invocations=9 (full 1):
 PSYoungGen      total 35328K, used 31744K [0x0000000170d80000, 0x0000000173880000, 0x000000019b800000)
  eden space 31744K, 100% used [0x0000000170d80000,0x0000000172c80000,0x0000000172c80000)
  from space 3584K, 0% used [0x0000000172d00000,0x0000000172d00000,0x0000000173080000)
  to   space 6144K, 0% used [0x0000000173280000,0x0000000173280000,0x0000000173880000)
 ParOldGen       total 54784K, used 5671K [0x000000011b800000, 0x000000011ed80000, 0x0000000170d80000)
  object space 54784K, 10% used [0x000000011b800000,0x000000011bd89f28,0x000000011ed80000)
 Metaspace       used 23431K, capacity 24158K, committed 24448K, reserved 1071104K
  class space    used 2738K, capacity 2920K, committed 2944K, reserved 1048576K
Event: 35.628 GC heap after
Heap after GC invocations=9 (full 1):
 PSYoungGen      total 37888K, used 2219K [0x0000000170d80000, 0x0000000174a80000, 0x000000019b800000)
  eden space 31744K, 0% used [0x0000000170d80000,0x0000000170d80000,0x0000000172c80000)
  from space 6144K, 36% used [0x0000000173280000,0x00000001734aafa0,0x0000000173880000)
  to   space 6144K, 0% used [0x0000000172c80000,0x0000000172c80000,0x0000000173280000)
 ParOldGen       total 54784K, used 5679K [0x000000011b800000, 0x000000011ed80000, 0x0000000170d80000)
  object space 54784K, 10% used [0x000000011b800000,0x000000011bd8bf28,0x000000011ed80000)
 Metaspace       used 23431K, capacity 24158K, committed 24448K, reserved 1071104K
  class space    used 2738K, capacity 2920K, committed 2944K, reserved 1048576K
}
Event: 38.509 GC heap before
{Heap before GC invocations=10 (full 1):
 PSYoungGen      total 37888K, used 33963K [0x0000000170d80000, 0x0000000174a80000, 0x000000019b800000)
  eden space 31744K, 100% used [0x0000000170d80000,0x0000000172c80000,0x0000000172c80000)
  from space 6144K, 36% used [0x0000000173280000,0x00000001734aafa0,0x0000000173880000)
  to   space 6144K, 0% used [0x0000000172c80000,0x0000000172c80000,0x0000000173280000)
 ParOldGen       total 54784K, used 5679K [0x000000011b800000, 0x000000011ed80000, 0x0000000170d80000)
  object space 54784K, 10% used [0x000000011b800000,0x000000011bd8bf28,0x000000011ed80000)
 Metaspace       used 26018K, capacity 27716K, committed 27904K, reserved 1073152K
  class space    used 3083K, capacity 3467K, committed 3584K, reserved 1048576K
Event: 38.527 GC heap after
Heap after GC invocations=10 (full 1):
 PSYoungGen      total 37888K, used 3418K [0x0000000170d80000, 0x0000000174380000, 0x000000019b800000)
  eden space 31744K, 0% used [0x0000000170d80000,0x0000000170d80000,0x0000000172c80000)
  from space 6144K, 55% used [0x0000000172c80000,0x0000000172fd6b10,0x0000000173280000)
  to   space 6144K, 0% used [0x0000000173d80000,0x0000000173d80000,0x0000000174380000)
 ParOldGen       total 54784K, used 5687K [0x000000011b800000, 0x000000011ed80000, 0x0000000170d80000)
  object space 54784K, 10% used [0x000000011b800000,0x000000011bd8df28,0x000000011ed80000)
 Metaspace       used 26018K, capacity 27716K, committed 27904K, reserved 1073152K
  class space    used 3083K, capacity 3467K, committed 3584K, reserved 1048576K
}

